<?xml version="1.0" encoding="UTF-8"?>
<!-- Generated by org.testng.reporters.JUnitReportReporter -->
<testsuite hostname="YUBARAJ" failures="0" tests="1" name="testRunner.RunCukeFeatures" time="6.936" errors="0" timestamp="20 Dec 2020 15:58:35 GMT">
  <testcase classname="testRunner.RunCukeFeatures" name="feature" time="6.936"/>
</testsuite> <!-- testRunner.RunCukeFeatures -->
